<?xml version="1.0" encoding="UTF-8"?>
<testsuite name="com.sdagroup.gradleairbooking.GradleairbookingApplicationTests" tests="1" skipped="0" failures="0" errors="0" timestamp="2018-12-18T19:23:31" hostname="ryans-MacBook-Pro.local" time="0.129">
  <properties/>
  <testcase name="contextLoads" classname="com.sdagroup.gradleairbooking.GradleairbookingApplicationTests" time="0.129"/>
  <system-out><![CDATA[21:23:29.291 [Test worker] DEBUG org.springframework.test.context.junit4.SpringJUnit4ClassRunner - SpringJUnit4ClassRunner constructor called with [class com.sdagroup.gradleairbooking.GradleairbookingApplicationTests]
21:23:29.297 [Test worker] DEBUG org.springframework.test.context.BootstrapUtils - Instantiating CacheAwareContextLoaderDelegate from class [org.springframework.test.context.cache.DefaultCacheAwareContextLoaderDelegate]
21:23:29.304 [Test worker] DEBUG org.springframework.test.context.BootstrapUtils - Instantiating BootstrapContext using constructor [public org.springframework.test.context.support.DefaultBootstrapContext(java.lang.Class,org.springframework.test.context.CacheAwareContextLoaderDelegate)]
21:23:29.319 [Test worker] DEBUG org.springframework.test.context.BootstrapUtils - Instantiating TestContextBootstrapper for test class [com.sdagroup.gradleairbooking.GradleairbookingApplicationTests] from class [org.springframework.boot.test.context.SpringBootTestContextBootstrapper]
21:23:29.328 [Test worker] INFO org.springframework.boot.test.context.SpringBootTestContextBootstrapper - Neither @ContextConfiguration nor @ContextHierarchy found for test class [com.sdagroup.gradleairbooking.GradleairbookingApplicationTests], using SpringBootContextLoader
21:23:29.331 [Test worker] DEBUG org.springframework.test.context.support.AbstractContextLoader - Did not detect default resource location for test class [com.sdagroup.gradleairbooking.GradleairbookingApplicationTests]: class path resource [com/sdagroup/gradleairbooking/GradleairbookingApplicationTests-context.xml] does not exist
21:23:29.332 [Test worker] DEBUG org.springframework.test.context.support.AbstractContextLoader - Did not detect default resource location for test class [com.sdagroup.gradleairbooking.GradleairbookingApplicationTests]: class path resource [com/sdagroup/gradleairbooking/GradleairbookingApplicationTestsContext.groovy] does not exist
21:23:29.332 [Test worker] INFO org.springframework.test.context.support.AbstractContextLoader - Could not detect default resource locations for test class [com.sdagroup.gradleairbooking.GradleairbookingApplicationTests]: no resource found for suffixes {-context.xml, Context.groovy}.
21:23:29.333 [Test worker] INFO org.springframework.test.context.support.AnnotationConfigContextLoaderUtils - Could not detect default configuration classes for test class [com.sdagroup.gradleairbooking.GradleairbookingApplicationTests]: GradleairbookingApplicationTests does not declare any static, non-private, non-final, nested classes annotated with @Configuration.
21:23:29.361 [Test worker] DEBUG org.springframework.test.context.support.ActiveProfilesUtils - Could not find an 'annotation declaring class' for annotation type [org.springframework.test.context.ActiveProfiles] and class [com.sdagroup.gradleairbooking.GradleairbookingApplicationTests]
21:23:29.417 [Test worker] DEBUG org.springframework.context.annotation.ClassPathScanningCandidateComponentProvider - Identified candidate component class: file [/Users/Alex/IdeaProjects/GradleAirBooking/build/classes/java/main/com/sdagroup/gradleairbooking/GradleairbookingApplication.class]
21:23:29.418 [Test worker] INFO org.springframework.boot.test.context.SpringBootTestContextBootstrapper - Found @SpringBootConfiguration com.sdagroup.gradleairbooking.GradleairbookingApplication for test class com.sdagroup.gradleairbooking.GradleairbookingApplicationTests
21:23:29.499 [Test worker] DEBUG org.springframework.boot.test.context.SpringBootTestContextBootstrapper - @TestExecutionListeners is not present for class [com.sdagroup.gradleairbooking.GradleairbookingApplicationTests]: using defaults.
21:23:29.499 [Test worker] INFO org.springframework.boot.test.context.SpringBootTestContextBootstrapper - Loaded default TestExecutionListener class names from location [META-INF/spring.factories]: [org.springframework.boot.test.autoconfigure.restdocs.RestDocsTestExecutionListener, org.springframework.boot.test.autoconfigure.web.client.MockRestServiceServerResetTestExecutionListener, org.springframework.boot.test.autoconfigure.web.servlet.MockMvcPrintOnlyOnFailureTestExecutionListener, org.springframework.boot.test.autoconfigure.web.servlet.WebDriverTestExecutionListener, org.springframework.boot.test.mock.mockito.MockitoTestExecutionListener, org.springframework.boot.test.mock.mockito.ResetMocksTestExecutionListener, org.springframework.test.context.web.ServletTestExecutionListener, org.springframework.test.context.support.DirtiesContextBeforeModesTestExecutionListener, org.springframework.test.context.support.DependencyInjectionTestExecutionListener, org.springframework.test.context.support.DirtiesContextTestExecutionListener, org.springframework.test.context.transaction.TransactionalTestExecutionListener, org.springframework.test.context.jdbc.SqlScriptsTestExecutionListener]
21:23:29.507 [Test worker] DEBUG org.springframework.boot.test.context.SpringBootTestContextBootstrapper - Skipping candidate TestExecutionListener [org.springframework.test.context.transaction.TransactionalTestExecutionListener] due to a missing dependency. Specify custom listener classes or make the default listener classes and their required dependencies available. Offending class: [org/springframework/transaction/interceptor/TransactionAttributeSource]
21:23:29.508 [Test worker] DEBUG org.springframework.boot.test.context.SpringBootTestContextBootstrapper - Skipping candidate TestExecutionListener [org.springframework.test.context.jdbc.SqlScriptsTestExecutionListener] due to a missing dependency. Specify custom listener classes or make the default listener classes and their required dependencies available. Offending class: [org/springframework/transaction/interceptor/TransactionAttribute]
21:23:29.508 [Test worker] INFO org.springframework.boot.test.context.SpringBootTestContextBootstrapper - Using TestExecutionListeners: [org.springframework.test.context.web.ServletTestExecutionListener@37ffdb07, org.springframework.test.context.support.DirtiesContextBeforeModesTestExecutionListener@7a056023, org.springframework.boot.test.mock.mockito.MockitoTestExecutionListener@532b446b, org.springframework.boot.test.autoconfigure.SpringBootDependencyInjectionTestExecutionListener@26215a26, org.springframework.test.context.support.DirtiesContextTestExecutionListener@6f4f9a06, org.springframework.boot.test.autoconfigure.restdocs.RestDocsTestExecutionListener@3e9aebb4, org.springframework.boot.test.autoconfigure.web.client.MockRestServiceServerResetTestExecutionListener@379be810, org.springframework.boot.test.autoconfigure.web.servlet.MockMvcPrintOnlyOnFailureTestExecutionListener@1b4764af, org.springframework.boot.test.autoconfigure.web.servlet.WebDriverTestExecutionListener@8cb426b, org.springframework.boot.test.mock.mockito.ResetMocksTestExecutionListener@6165df8d]
21:23:29.510 [Test worker] DEBUG org.springframework.test.annotation.ProfileValueUtils - Retrieved @ProfileValueSourceConfiguration [null] for test class [com.sdagroup.gradleairbooking.GradleairbookingApplicationTests]
21:23:29.510 [Test worker] DEBUG org.springframework.test.annotation.ProfileValueUtils - Retrieved ProfileValueSource type [class org.springframework.test.annotation.SystemProfileValueSource] for class [com.sdagroup.gradleairbooking.GradleairbookingApplicationTests]
21:23:29.511 [Test worker] DEBUG org.springframework.test.annotation.ProfileValueUtils - Retrieved @ProfileValueSourceConfiguration [null] for test class [com.sdagroup.gradleairbooking.GradleairbookingApplicationTests]
21:23:29.511 [Test worker] DEBUG org.springframework.test.annotation.ProfileValueUtils - Retrieved ProfileValueSource type [class org.springframework.test.annotation.SystemProfileValueSource] for class [com.sdagroup.gradleairbooking.GradleairbookingApplicationTests]
21:23:29.514 [Test worker] DEBUG org.springframework.test.context.support.AbstractDirtiesContextTestExecutionListener - Before test class: context [DefaultTestContext@56f341a0 testClass = GradleairbookingApplicationTests, testInstance = [null], testMethod = [null], testException = [null], mergedContextConfiguration = [WebMergedContextConfiguration@22f9da1f testClass = GradleairbookingApplicationTests, locations = '{}', classes = '{class com.sdagroup.gradleairbooking.GradleairbookingApplication}', contextInitializerClasses = '[]', activeProfiles = '{}', propertySourceLocations = '{}', propertySourceProperties = '{org.springframework.boot.test.context.SpringBootTestContextBootstrapper=true}', contextCustomizers = set[org.springframework.boot.test.autoconfigure.properties.PropertyMappingContextCustomizer@0, org.springframework.boot.test.autoconfigure.web.servlet.WebDriverContextCustomizerFactory$Customizer@3d6804e1, org.springframework.boot.test.context.filter.ExcludeFilterContextCustomizer@62864751, org.springframework.boot.test.json.DuplicateJsonObjectContextCustomizerFactory$DuplicateJsonObjectContextCustomizer@594ff346, org.springframework.boot.test.mock.mockito.MockitoContextCustomizer@0, org.springframework.boot.test.web.client.TestRestTemplateContextCustomizer@568b8710], resourceBasePath = 'src/main/webapp', contextLoader = 'org.springframework.boot.test.context.SpringBootContextLoader', parent = [null]], attributes = map['org.springframework.test.context.web.ServletTestExecutionListener.activateListener' -> true]], class annotated with @DirtiesContext [false] with mode [null].
21:23:29.514 [Test worker] DEBUG org.springframework.test.annotation.ProfileValueUtils - Retrieved @ProfileValueSourceConfiguration [null] for test class [com.sdagroup.gradleairbooking.GradleairbookingApplicationTests]
21:23:29.515 [Test worker] DEBUG org.springframework.test.annotation.ProfileValueUtils - Retrieved ProfileValueSource type [class org.springframework.test.annotation.SystemProfileValueSource] for class [com.sdagroup.gradleairbooking.GradleairbookingApplicationTests]
21:23:29.530 [Test worker] DEBUG org.springframework.test.context.support.TestPropertySourceUtils - Adding inlined properties to environment: {spring.jmx.enabled=false, org.springframework.boot.test.context.SpringBootTestContextBootstrapper=true, server.port=-1}

  .   ____          _            __ _ _
 /\\ / ___'_ __ _ _(_)_ __  __ _ \ \ \ \
( ( )\___ | '_ | '_| | '_ \/ _` | \ \ \ \
 \\/  ___)| |_)| | | | | || (_| |  ) ) ) )
  '  |____| .__|_| |_|_| |_\__, | / / / /
 =========|_|==============|___/=/_/_/_/
 :: Spring Boot ::        (v2.1.1.RELEASE)

2018-12-18 21:23:29.732  INFO 31555 --- [    Test worker] c.s.g.GradleairbookingApplicationTests   : Starting GradleairbookingApplicationTests on ryans-MacBook-Pro.local with PID 31555 (started by Alex in /Users/Alex/IdeaProjects/GradleAirBooking)
2018-12-18 21:23:29.733  INFO 31555 --- [    Test worker] c.s.g.GradleairbookingApplicationTests   : No active profile set, falling back to default profiles: default
2018-12-18 21:23:30.988  INFO 31555 --- [    Test worker] o.s.s.concurrent.ThreadPoolTaskExecutor  : Initializing ExecutorService 'applicationTaskExecutor'
2018-12-18 21:23:31.461  INFO 31555 --- [    Test worker] c.s.g.GradleairbookingApplicationTests   : Started GradleairbookingApplicationTests in 1.923 seconds (JVM running for 2.712)
]]></system-out>
  <system-err><![CDATA[]]></system-err>
</testsuite>
